<?xml version="1.0" encoding="UTF-8"?>
<testsuite xmlns:xsi="http://www.w3.org/2001/XMLSchema-instance" xsi:noNamespaceSchemaLocation="https://maven.apache.org/surefire/maven-surefire-plugin/xsd/surefire-test-report.xsd" name="TestSuite" time="0.724" tests="32" errors="0" skipped="0" failures="5">
  <properties>
[...]
</properties>
  <testcase name="EnableMethod1" classname="tests.Enable" time="0.004"/>
  <testcase name="EnableMethod1" classname="tests.DependsOn" time="0.005"/>
  <testcase name="m1" classname="tests.Priority" time="0.005"/>
  <testcase name="EnableMethod1" classname="tests.AssertsDemo" time="0.005"/>
  <testcase name="EnableMethod1" classname="tests.SoftAssertsDemo" time="0.007"/>
  <testcase name="EnableMethod3" classname="tests.DependsOn" time="0"/>
  <testcase name="EnableMethod2" classname="tests.SoftAssertsDemo" time="0.002">
    <failure message="The following asserts failed:&#10;	expected [true] but found [false],&#10;	expected [false] but found [true],&#10;	expected [true] but found [false],&#10;	expected [false] but found [true]" type="java.lang.AssertionError">java.lang.AssertionError: 
The following asserts failed:
	expected [true] but found [false],
	expected [false] but found [true],
	expected [true] but found [false],
	expected [false] but found [true]
	at tests.SoftAssertsDemo.EnableMethod2(SoftAssertsDemo.java:28)
</failure>
  </testcase>
  <testcase name="EnableMethod2" classname="tests.AssertsDemo" time="0.002">
    <failure message="expected [true] but found [false]" type="java.lang.AssertionError">java.lang.AssertionError: expected [true] but found [false]
	at tests.AssertsDemo.EnableMethod2(AssertsDemo.java:18)
</failure>
  </testcase>
  <testcase name="EnableMethod3" classname="tests.SoftAssertsDemo" time="0.002">
    <failure message="The following asserts failed:&#10;	expected [true] but found [false],&#10;	expected [false] but found [true],&#10;	expected [true] but found [false]" type="java.lang.AssertionError">java.lang.AssertionError: 
The following asserts failed:
	expected [true] but found [false],
	expected [false] but found [true],
	expected [true] but found [false]
	at tests.SoftAssertsDemo.EnableMethod3(SoftAssertsDemo.java:37)
</failure>
  </testcase>
  <testcase name="EnableMethod3" classname="tests.AssertsDemo" time="0.003">
    <failure message="expected [false] but found [true]" type="java.lang.AssertionError">java.lang.AssertionError: expected [false] but found [true]
	at tests.AssertsDemo.EnableMethod3(AssertsDemo.java:26)
</failure>
  </testcase>
  <testcase name="EnableMethod2" classname="tests.DependsOn" time="0"/>
  <testcase name="m2" classname="tests.ListenersDemo" time="0.001"/>
  <testcase name="m1" classname="tests.AlwaysRun" time="0.001">
    <failure type="java.lang.AssertionError:">java.lang.AssertionError: null
	at tests.AlwaysRun.m1(AlwaysRun.java:12)
</failure>
  </testcase>
  <testcase name="m1" classname="tests.ListenersDemo" time="0"/>
  <testcase name="m2" classname="tests.Priority" time="0"/>
  <testcase name="m2" classname="tests.Priority" time="0"/>
  <testcase name="m2" classname="tests.Priority" time="0"/>
  <testcase name="m2" classname="tests.Priority" time="0"/>
  <testcase name="m2" classname="tests.Priority" time="0.001"/>
  <testcase name="m2" classname="tests.Priority" time="0"/>
  <testcase name="m2" classname="tests.Priority" time="0"/>
  <testcase name="m2" classname="tests.Priority" time="0.001"/>
  <testcase name="m2" classname="tests.Priority" time="0"/>
  <testcase name="m2" classname="tests.Priority" time="0"/>
  <testcase name="m1" classname="tests.DataProviderDemo" time="0.003"/>
  <testcase name="m1" classname="tests.DataProviderDemo" time="0"/>
  <testcase name="m1" classname="tests.DataProviderDemo" time="0"/>
  <testcase name="m2" classname="tests.AlwaysRun" time="0"/>
  <testcase name="m2" classname="tests.GroupdsDemo" time="0"/>
  <testcase name="m3" classname="tests.GroupdsDemo" time="0"/>
  <testcase name="m1" classname="tests.ParameterizationDemo" time="0"/>
  <testcase name="m4" classname="tests.GroupdsDemo" time="0.001"/>
</testsuite>